Using pre-set license
Built from '2022.3/staging' branch; Version is '2022.3.27f1 (73effa14754f) revision 7598074'; Using compiler version '192829333'; Build Type 'Release'
OS: 'Windows 11  (10.0.22631) 64bit CoreSingleLanguage' Language: 'en' Physical Memory: 7971 MB
BatchMode: 1, IsHumanControllingUs: 0, StartBugReporterOnCrash: 0, Is64bit: 1, IsPro: 1

COMMAND LINE ARGUMENTS:
C:\Program Files\Unity\Hub\Editor\2022.3.27f1\Editor\Unity.exe
-adb2
-batchMode
-noUpm
-name
AssetImportWorker1
-projectPath
D:/HB-ACADEMY/Unity/Runner Game
-logFile
Logs/AssetImportWorker1.log
-srvPort
60131
Successfully changed project path to: D:/HB-ACADEMY/Unity/Runner Game
D:/HB-ACADEMY/Unity/Runner Game
[UnityMemory] Configuration Parameters - Can be set up in boot.config
    "memorysetup-bucket-allocator-granularity=16"
    "memorysetup-bucket-allocator-bucket-count=8"
    "memorysetup-bucket-allocator-block-size=33554432"
    "memorysetup-bucket-allocator-block-count=8"
    "memorysetup-main-allocator-block-size=16777216"
    "memorysetup-thread-allocator-block-size=16777216"
    "memorysetup-gfx-main-allocator-block-size=16777216"
    "memorysetup-gfx-thread-allocator-block-size=16777216"
    "memorysetup-cache-allocator-block-size=4194304"
    "memorysetup-typetree-allocator-block-size=2097152"
    "memorysetup-profiler-bucket-allocator-granularity=16"
    "memorysetup-profiler-bucket-allocator-bucket-count=8"
    "memorysetup-profiler-bucket-allocator-block-size=33554432"
    "memorysetup-profiler-bucket-allocator-block-count=8"
    "memorysetup-profiler-allocator-block-size=16777216"
    "memorysetup-profiler-editor-allocator-block-size=1048576"
    "memorysetup-temp-allocator-size-main=16777216"
    "memorysetup-job-temp-allocator-block-size=2097152"
    "memorysetup-job-temp-allocator-block-size-background=1048576"
    "memorysetup-job-temp-allocator-reduction-small-platforms=262144"
    "memorysetup-allocator-temp-initial-block-size-main=262144"
    "memorysetup-allocator-temp-initial-block-size-worker=262144"
    "memorysetup-temp-allocator-size-background-worker=32768"
    "memorysetup-temp-allocator-size-job-worker=262144"
    "memorysetup-temp-allocator-size-preload-manager=33554432"
    "memorysetup-temp-allocator-size-nav-mesh-worker=65536"
    "memorysetup-temp-allocator-size-audio-worker=65536"
    "memorysetup-temp-allocator-size-cloud-worker=32768"
    "memorysetup-temp-allocator-size-gi-baking-worker=262144"
    "memorysetup-temp-allocator-size-gfx=262144"
Player connection [22400] Host "[IP] 172.21.208.1 [Port] 0 [Flags] 2 [Guid] 1769636812 [EditorId] 1769636812 [Version] 1048832 [Id] WindowsEditor(7,CAO-VIET-HOANG) [Debug] 1 [PackageName] WindowsEditor [ProjectName] Editor" joined multi-casting on [225.0.0.222:54997]...

Player connection [22400] Host "[IP] 172.21.208.1 [Port] 0 [Flags] 2 [Guid] 1769636812 [EditorId] 1769636812 [Version] 1048832 [Id] WindowsEditor(7,CAO-VIET-HOANG) [Debug] 1 [PackageName] WindowsEditor [ProjectName] Editor" joined alternative multi-casting on [225.0.0.222:34997]...

[Physics::Module] Initialized MultithreadedJobDispatcher with 15 workers.
Refreshing native plugins compatible for Editor in 19.77 ms, found 3 plugins.
Preloading 0 native plugins for Editor in 0.00 ms.
Initialize engine version: 2022.3.27f1 (73effa14754f)
[Subsystems] Discovering subsystems at path C:/Program Files/Unity/Hub/Editor/2022.3.27f1/Editor/Data/Resources/UnitySubsystems
[Subsystems] Discovering subsystems at path D:/HB-ACADEMY/Unity/Runner Game/Assets
GfxDevice: creating device client; threaded=0; jobified=0
Direct3D:
    Version:  Direct3D 11.0 [level 11.1]
    Renderer: NVIDIA GeForce RTX 3050 Ti Laptop GPU (ID=0x25a0)
    Vendor:   NVIDIA
    VRAM:     3990 MB
    Driver:   30.0.15.1215
Initialize mono
Mono path[0] = 'C:/Program Files/Unity/Hub/Editor/2022.3.27f1/Editor/Data/Managed'
Mono path[1] = 'C:/Program Files/Unity/Hub/Editor/2022.3.27f1/Editor/Data/MonoBleedingEdge/lib/mono/unityjit-win32'
Mono config path = 'C:/Program Files/Unity/Hub/Editor/2022.3.27f1/Editor/Data/MonoBleedingEdge/etc'
Using monoOptions --debugger-agent=transport=dt_socket,embedding=1,server=y,suspend=n,address=127.0.0.1:56672
Begin MonoManager ReloadAssembly
Registering precompiled unity dll's ...
Register platform support module: C:/Program Files/Unity/Hub/Editor/2022.3.27f1/Editor/Data/PlaybackEngines/WebGLSupport/UnityEditor.WebGL.Extensions.dll
Register platform support module: C:/Program Files/Unity/Hub/Editor/2022.3.27f1/Editor/Data/PlaybackEngines/AndroidPlayer/UnityEditor.Android.Extensions.dll
Register platform support module: C:/Program Files/Unity/Hub/Editor/2022.3.27f1/Editor/Data/PlaybackEngines/WindowsStandaloneSupport/UnityEditor.WindowsStandalone.Extensions.dll
Registered in 0.013067 seconds.
- Loaded All Assemblies, in  0.474 seconds
Native extension for WindowsStandalone target not found
Native extension for Android target not found
Android Extension - Scanning For ADB Devices 319 ms
Native extension for WebGL target not found
Mono: successfully reloaded assembly
- Finished resetting the current domain, in  0.680 seconds
Domain Reload Profiling: 1152ms
	BeginReloadAssembly (157ms)
		ExecutionOrderSort (0ms)
		DisableScriptedObjects (0ms)
		BackupInstance (0ms)
		ReleaseScriptingObjects (0ms)
		CreateAndSetChildDomain (1ms)
	RebuildCommonClasses (40ms)
	RebuildNativeTypeToScriptingClass (13ms)
	initialDomainReloadingComplete (76ms)
	LoadAllAssembliesAndSetupDomain (186ms)
		LoadAssemblies (156ms)
		RebuildTransferFunctionScriptingTraits (0ms)
		AnalyzeDomain (183ms)
			TypeCache.Refresh (181ms)
				TypeCache.ScanAssembly (163ms)
			ScanForSourceGeneratedMonoScriptInfo (0ms)
			ResolveRequiredComponents (1ms)
	FinalizeReload (680ms)
		ReleaseScriptCaches (0ms)
		RebuildScriptCaches (0ms)
		SetupLoadedEditorAssemblies (612ms)
			LogAssemblyErrors (0ms)
			InitializePlatformSupportModulesInManaged (435ms)
			SetLoadedEditorAssemblies (5ms)
			RefreshPlugins (0ms)
			BeforeProcessingInitializeOnLoad (2ms)
			ProcessInitializeOnLoadAttributes (122ms)
			ProcessInitializeOnLoadMethodAttributes (48ms)
			AfterProcessingInitializeOnLoad (0ms)
			EditorAssembliesLoaded (0ms)
		ExecutionOrderSort2 (0ms)
		AwakeInstancesAfterBackupRestoration (0ms)
========================================================================
Worker process is ready to serve import requests
Begin MonoManager ReloadAssembly
Symbol file LoadedFromMemory is not a mono symbol file
- Loaded All Assemblies, in  0.946 seconds
Refreshing native plugins compatible for Editor in 4.20 ms, found 3 plugins.
Native extension for WindowsStandalone target not found
Native extension for Android target not found
Native extension for WebGL target not found
Package Manager log level set to [2]
[Package Manager] Server::EnsureServerProcessIsRunning -- launch failed, reason: Unity was launched with the -noUpm command-line argument
[Package Manager] UpmClient::Send -- Unable to send message (not connected to UPM process).
[Package Manager] Cannot connect to Unity Package Manager local server
Mono: successfully reloaded assembly
- Finished resetting the current domain, in  0.827 seconds
Domain Reload Profiling: 1775ms
	BeginReloadAssembly (192ms)
		ExecutionOrderSort (0ms)
		DisableScriptedObjects (7ms)
		BackupInstance (0ms)
		ReleaseScriptingObjects (1ms)
		CreateAndSetChildDomain (31ms)
	RebuildCommonClasses (38ms)
	RebuildNativeTypeToScriptingClass (18ms)
	initialDomainReloadingComplete (51ms)
	LoadAllAssembliesAndSetupDomain (649ms)
		LoadAssemblies (454ms)
		RebuildTransferFunctionScriptingTraits (0ms)
		AnalyzeDomain (302ms)
			TypeCache.Refresh (268ms)
				TypeCache.ScanAssembly (233ms)
			ScanForSourceGeneratedMonoScriptInfo (24ms)
			ResolveRequiredComponents (7ms)
	FinalizeReload (828ms)
		ReleaseScriptCaches (0ms)
		RebuildScriptCaches (0ms)
		SetupLoadedEditorAssemblies (577ms)
			LogAssemblyErrors (0ms)
			InitializePlatformSupportModulesInManaged (40ms)
			SetLoadedEditorAssemblies (4ms)
			RefreshPlugins (0ms)
			BeforeProcessingInitializeOnLoad (79ms)
			ProcessInitializeOnLoadAttributes (424ms)
			ProcessInitializeOnLoadMethodAttributes (25ms)
			AfterProcessingInitializeOnLoad (5ms)
			EditorAssembliesLoaded (0ms)
		ExecutionOrderSort2 (0ms)
		AwakeInstancesAfterBackupRestoration (7ms)
Launched and connected shader compiler UnityShaderCompiler.exe after 0.07 seconds
Refreshing native plugins compatible for Editor in 2.72 ms, found 3 plugins.
Preloading 0 native plugins for Editor in 0.00 ms.
Unloading 3308 Unused Serialized files (Serialized files now loaded: 0)
Unloading 38 unused Assets / (102.8 KB). Loaded Objects now: 3773.
Memory consumption went from 136.7 MB to 136.6 MB.
Total: 4.965700 ms (FindLiveObjects: 0.295300 ms CreateObjectMapping: 0.091400 ms MarkObjects: 4.404400 ms  DeleteObjects: 0.172800 ms)

AssetImportParameters requested are different than current active one (requested -> active):
  custom:container-demuxer-ogg: 62fdf1f143b41e24485cea50d1cbac27 -> 
  custom:video-decoder-ogg-theora: a1e56fd34408186e4bbccfd4996cb3dc -> 
  custom:framework-win-MediaFoundation: 216162199b28c13a410421893ffa2e32 -> 
  custom:CustomObjectIndexerAttribute: 9a22284fe3817be447336de3de66b15e -> 
  custom:container-demuxer-webm: 4f35f7cbe854078d1ac9338744f61a02 -> 
  custom:container-muxer-webm: aa71ff27fc2769a1b78a27578f13a17b -> 
  custom:video-decoder-webm-vp8: 9c59270c3fd7afecdb556c50c9e8de78 -> 
  custom:SearchIndexIgnoredProperties: e643bd26f0fe6173181afceb89e7c659 -> 
  custom:AudioImporter_EditorPlatform: d09bf68614088b80899f8185d706f6e7 -> 
  custom:video-encoder-webm-vp8: eb34c28f22e8b96e1ab97ce403110664 -> 
  custom:audio-decoder-ogg-vorbis: bf7c407c2cedff20999df2af8eb42d56 -> 
  custom:audio-encoder-webm-vorbis: bf7c407c2cedff20999df2af8eb42d56 -> 
========================================================================
Received Import Request.
  Time since last request: 89525.556494 seconds.
  path: Assets/Resource/Sound/flat-8-bit-gaming-music-instrumental-211547.mp3
  artifactKey: Guid(6e79e71dcfbe41547aa186821f8c4a8e) Importer(815301076,1909f56bfc062723c751e8b465ee728b)
Start importing Assets/Resource/Sound/flat-8-bit-gaming-music-instrumental-211547.mp3 using Guid(6e79e71dcfbe41547aa186821f8c4a8e) Importer(815301076,1909f56bfc062723c751e8b465ee728b)  -> (artifact id: 'a7ff7570c977ee7a20edab8eb40ce8db') in 0.089050 seconds
Number of updated asset objects reloaded before import = 0
Number of asset objects unloaded after import = 2
========================================================================
Received Prepare
Begin MonoManager ReloadAssembly
Symbol file LoadedFromMemory is not a mono symbol file
- Loaded All Assemblies, in  0.474 seconds
Refreshing native plugins compatible for Editor in 2.20 ms, found 3 plugins.
Native extension for WindowsStandalone target not found
Native extension for Android target not found
Native extension for WebGL target not found
[Package Manager] Server::EnsureServerProcessIsRunning -- launch failed, reason: Unity was launched with the -noUpm command-line argument
[Package Manager] UpmClient::Send -- Unable to send message (not connected to UPM process).
[Package Manager] Cannot connect to Unity Package Manager local server
Mono: successfully reloaded assembly
- Finished resetting the current domain, in  1.097 seconds
Domain Reload Profiling: 1569ms
	BeginReloadAssembly (166ms)
		ExecutionOrderSort (0ms)
		DisableScriptedObjects (4ms)
		BackupInstance (0ms)
		ReleaseScriptingObjects (0ms)
		CreateAndSetChildDomain (40ms)
	RebuildCommonClasses (38ms)
	RebuildNativeTypeToScriptingClass (13ms)
	initialDomainReloadingComplete (31ms)
	LoadAllAssembliesAndSetupDomain (225ms)
		LoadAssemblies (299ms)
		RebuildTransferFunctionScriptingTraits (0ms)
		AnalyzeDomain (14ms)
			TypeCache.Refresh (7ms)
				TypeCache.ScanAssembly (0ms)
			ScanForSourceGeneratedMonoScriptInfo (0ms)
			ResolveRequiredComponents (6ms)
	FinalizeReload (1098ms)
		ReleaseScriptCaches (0ms)
		RebuildScriptCaches (0ms)
		SetupLoadedEditorAssemblies (458ms)
			LogAssemblyErrors (0ms)
			InitializePlatformSupportModulesInManaged (22ms)
			SetLoadedEditorAssemblies (3ms)
			RefreshPlugins (0ms)
			BeforeProcessingInitializeOnLoad (53ms)
			ProcessInitializeOnLoadAttributes (349ms)
			ProcessInitializeOnLoadMethodAttributes (26ms)
			AfterProcessingInitializeOnLoad (5ms)
			EditorAssembliesLoaded (0ms)
		ExecutionOrderSort2 (0ms)
		AwakeInstancesAfterBackupRestoration (7ms)
Refreshing native plugins compatible for Editor in 2.47 ms, found 3 plugins.
Preloading 0 native plugins for Editor in 0.00 ms.
Unloading 3285 Unused Serialized files (Serialized files now loaded: 0)
Unloading 28 unused Assets / (74.4 KB). Loaded Objects now: 3783.
Memory consumption went from 131.4 MB to 131.4 MB.
Total: 3.621000 ms (FindLiveObjects: 0.281700 ms CreateObjectMapping: 0.162500 ms MarkObjects: 3.103800 ms  DeleteObjects: 0.071500 ms)

Prepare: number of updated asset objects reloaded= 0
AssetImportParameters requested are different than current active one (requested -> active):
  custom:container-demuxer-ogg: 62fdf1f143b41e24485cea50d1cbac27 -> 
  custom:video-decoder-ogg-theora: a1e56fd34408186e4bbccfd4996cb3dc -> 
  custom:framework-win-MediaFoundation: 216162199b28c13a410421893ffa2e32 -> 
  custom:CustomObjectIndexerAttribute: 9a22284fe3817be447336de3de66b15e -> 
  custom:container-demuxer-webm: 4f35f7cbe854078d1ac9338744f61a02 -> 
  custom:container-muxer-webm: aa71ff27fc2769a1b78a27578f13a17b -> 
  custom:video-decoder-webm-vp8: 9c59270c3fd7afecdb556c50c9e8de78 -> 
  custom:SearchIndexIgnoredProperties: e643bd26f0fe6173181afceb89e7c659 -> 
  custom:AudioImporter_EditorPlatform: d09bf68614088b80899f8185d706f6e7 -> 
  custom:video-encoder-webm-vp8: eb34c28f22e8b96e1ab97ce403110664 -> 
  custom:audio-decoder-ogg-vorbis: bf7c407c2cedff20999df2af8eb42d56 -> 
  custom:audio-encoder-webm-vorbis: bf7c407c2cedff20999df2af8eb42d56 -> 
========================================================================
Received Import Request.
  Time since last request: 548.016379 seconds.
  path: Assets/Material/New Material.mat
  artifactKey: Guid(808a536eddd245840bca743486511048) Importer(815301076,1909f56bfc062723c751e8b465ee728b)
Start importing Assets/Material/New Material.mat using Guid(808a536eddd245840bca743486511048) Importer(815301076,1909f56bfc062723c751e8b465ee728b)  -> (artifact id: 'fdcd8a96100a1dc906c692b22bda683a') in 0.103387 seconds
Number of updated asset objects reloaded before import = 0
Number of asset objects unloaded after import = 1
========================================================================
Received Import Request.
  Time since last request: 295.788035 seconds.
  path: Assets/3D AJ/GUI/_Other/ArrowTut.png
  artifactKey: Guid(0b07588494789ff48ae322f599f38ac1) Importer(815301076,1909f56bfc062723c751e8b465ee728b)
Start importing Assets/3D AJ/GUI/_Other/ArrowTut.png using Guid(0b07588494789ff48ae322f599f38ac1) Importer(815301076,1909f56bfc062723c751e8b465ee728b)  -> (artifact id: '46cab95404544c299751014e10fb6051') in 0.063020 seconds
Number of updated asset objects reloaded before import = 0
Number of asset objects unloaded after import = 3
========================================================================
Received Import Request.
  Time since last request: 0.000049 seconds.
  path: Assets/3D AJ/GUI/_Other/circle_Sliced.png
  artifactKey: Guid(8ec6704ffac84294ebd04ae3d3f29d45) Importer(815301076,1909f56bfc062723c751e8b465ee728b)
Start importing Assets/3D AJ/GUI/_Other/circle_Sliced.png using Guid(8ec6704ffac84294ebd04ae3d3f29d45) Importer(815301076,1909f56bfc062723c751e8b465ee728b)  -> (artifact id: '0685873f44560a49eef53ab7dc4878e8') in 0.017374 seconds
Number of updated asset objects reloaded before import = 0
Number of asset objects unloaded after import = 3
========================================================================
Received Import Request.
  Time since last request: 0.000015 seconds.
  path: Assets/3D AJ/GUI/_Other/circle_Sliced2.png
  artifactKey: Guid(5566744cbd519894d8ba702843b96697) Importer(815301076,1909f56bfc062723c751e8b465ee728b)
Start importing Assets/3D AJ/GUI/_Other/circle_Sliced2.png using Guid(5566744cbd519894d8ba702843b96697) Importer(815301076,1909f56bfc062723c751e8b465ee728b)  -> (artifact id: 'cd75c790c7684070c81cecf01c7e684d') in 0.011640 seconds
Number of updated asset objects reloaded before import = 0
Number of asset objects unloaded after import = 3
========================================================================
Received Import Request.
  Time since last request: 0.000031 seconds.
  path: Assets/3D AJ/GUI/_Other/circle-outline-big.png
  artifactKey: Guid(926d9b489f2bdd840a304a012ea8df32) Importer(815301076,1909f56bfc062723c751e8b465ee728b)
Start importing Assets/3D AJ/GUI/_Other/circle-outline-big.png using Guid(926d9b489f2bdd840a304a012ea8df32) Importer(815301076,1909f56bfc062723c751e8b465ee728b)  -> (artifact id: 'cd43c55b43af4b4e63a0ffe55b6ef06f') in 0.020207 seconds
Number of updated asset objects reloaded before import = 0
Number of asset objects unloaded after import = 3
========================================================================
Received Import Request.
  Time since last request: 0.000038 seconds.
  path: Assets/3D AJ/GUI/FormMainMenu/Fra-But_Offline.png
  artifactKey: Guid(8595640d9fa637d4489f3807bec56c74) Importer(815301076,1909f56bfc062723c751e8b465ee728b)
Start importing Assets/3D AJ/GUI/FormMainMenu/Fra-But_Offline.png using Guid(8595640d9fa637d4489f3807bec56c74) Importer(815301076,1909f56bfc062723c751e8b465ee728b)  -> (artifact id: 'd669066b92db28c526753ad0e5e3f7de') in 0.013804 seconds
Number of updated asset objects reloaded before import = 0
Number of asset objects unloaded after import = 3
========================================================================
Received Import Request.
  Time since last request: 0.000037 seconds.
  path: Assets/3D AJ/GUI/_Other/core_Offer.png
  artifactKey: Guid(c7b3118a8d80b554ea486b9c93991fc5) Importer(815301076,1909f56bfc062723c751e8b465ee728b)
Start importing Assets/3D AJ/GUI/_Other/core_Offer.png using Guid(c7b3118a8d80b554ea486b9c93991fc5) Importer(815301076,1909f56bfc062723c751e8b465ee728b)  -> (artifact id: '62ce057a8aadd5de65856f9585bf3af1') in 0.015703 seconds
Number of updated asset objects reloaded before import = 0
Number of asset objects unloaded after import = 3
========================================================================
Received Import Request.
  Time since last request: 0.000018 seconds.
  path: Assets/3D AJ/GUI/Share/But-Share_Social.png
  artifactKey: Guid(187e596a496fbc5429b8239cfa80b9f6) Importer(815301076,1909f56bfc062723c751e8b465ee728b)
Start importing Assets/3D AJ/GUI/Share/But-Share_Social.png using Guid(187e596a496fbc5429b8239cfa80b9f6) Importer(815301076,1909f56bfc062723c751e8b465ee728b)  -> (artifact id: '43d3450b203f1f39f9d620674f53fe97') in 0.013413 seconds
Number of updated asset objects reloaded before import = 0
Number of asset objects unloaded after import = 3
========================================================================
Received Import Request.
  Time since last request: 0.000013 seconds.
  path: Assets/3D AJ/GUI/Popup_EndGame/Zombie/Fra-Day_Lose.png
  artifactKey: Guid(d4642437938dd024ca0df8f1f95e62d5) Importer(815301076,1909f56bfc062723c751e8b465ee728b)
Start importing Assets/3D AJ/GUI/Popup_EndGame/Zombie/Fra-Day_Lose.png using Guid(d4642437938dd024ca0df8f1f95e62d5) Importer(815301076,1909f56bfc062723c751e8b465ee728b)  -> (artifact id: '31d71aa294ef236e054eadc75b0eb9f6') in 0.011071 seconds
Number of updated asset objects reloaded before import = 0
Number of asset objects unloaded after import = 3
========================================================================
Received Import Request.
  Time since last request: 0.000014 seconds.
  path: Assets/3D AJ/GUI/FormMainMenu/But-ZobieCity_Home_2.png
  artifactKey: Guid(81d14de217cff1e46b165cbe20862a92) Importer(815301076,1909f56bfc062723c751e8b465ee728b)
Start importing Assets/3D AJ/GUI/FormMainMenu/But-ZobieCity_Home_2.png using Guid(81d14de217cff1e46b165cbe20862a92) Importer(815301076,1909f56bfc062723c751e8b465ee728b)  -> (artifact id: '859b25d605aaba2fa7955e022a9fd6c3') in 0.012750 seconds
Number of updated asset objects reloaded before import = 0
Number of asset objects unloaded after import = 3
========================================================================
Received Import Request.
  Time since last request: 0.000015 seconds.
  path: Assets/3D AJ/GUI/_Other/circle.png
  artifactKey: Guid(d3982db017529b049b0e62f7d413291e) Importer(815301076,1909f56bfc062723c751e8b465ee728b)
Start importing Assets/3D AJ/GUI/_Other/circle.png using Guid(d3982db017529b049b0e62f7d413291e) Importer(815301076,1909f56bfc062723c751e8b465ee728b)  -> (artifact id: '556e18139870f7c3632a7225511f2b37') in 0.009471 seconds
Number of updated asset objects reloaded before import = 0
Number of asset objects unloaded after import = 3
========================================================================
Received Import Request.
  Time since last request: 0.000020 seconds.
  path: Assets/3D AJ/GUI/GamePlay/download.png
  artifactKey: Guid(55a2370c46191614eaccd06cc189f2b4) Importer(815301076,1909f56bfc062723c751e8b465ee728b)
Start importing Assets/3D AJ/GUI/GamePlay/download.png using Guid(55a2370c46191614eaccd06cc189f2b4) Importer(815301076,1909f56bfc062723c751e8b465ee728b)  -> (artifact id: '70f048d97a6e99f1ad8e8bd4cb1c1d88') in 0.018047 seconds
Number of updated asset objects reloaded before import = 0
Number of asset objects unloaded after import = 3
========================================================================
Received Import Request.
  Time since last request: 2.913722 seconds.
  path: Assets/3D AJ/GUI/Popup_EndGame/Zombie/Fra-Day_Victory.png
  artifactKey: Guid(8cc451c6520bf7b4b834ab5f93f40307) Importer(815301076,1909f56bfc062723c751e8b465ee728b)
Start importing Assets/3D AJ/GUI/Popup_EndGame/Zombie/Fra-Day_Victory.png using Guid(8cc451c6520bf7b4b834ab5f93f40307) Importer(815301076,1909f56bfc062723c751e8b465ee728b)  -> (artifact id: '2e17090a7fd31c13544b73677f117a3b') in 0.024860 seconds
Number of updated asset objects reloaded before import = 0
Number of asset objects unloaded after import = 3
========================================================================
Received Import Request.
  Time since last request: 0.000028 seconds.
  path: Assets/3D AJ/GUI/Popup_EndGame/Fra-Process#3_Survival.png
  artifactKey: Guid(e25df736706fd704fbd4f25d7e5819a2) Importer(815301076,1909f56bfc062723c751e8b465ee728b)
Start importing Assets/3D AJ/GUI/Popup_EndGame/Fra-Process#3_Survival.png using Guid(e25df736706fd704fbd4f25d7e5819a2) Importer(815301076,1909f56bfc062723c751e8b465ee728b)  -> (artifact id: '45cb58b44ceba7580f250e0a396fedb3') in 0.023427 seconds
Number of updated asset objects reloaded before import = 0
Number of asset objects unloaded after import = 3
========================================================================
Received Import Request.
  Time since last request: 0.000026 seconds.
  path: Assets/3D AJ/GUI/Popup_EndGame/Zombie/Fra-Day_Victory2.png
  artifactKey: Guid(7c2a59f51cefc7d4bbfa8e5f665f1ae9) Importer(815301076,1909f56bfc062723c751e8b465ee728b)
Start importing Assets/3D AJ/GUI/Popup_EndGame/Zombie/Fra-Day_Victory2.png using Guid(7c2a59f51cefc7d4bbfa8e5f665f1ae9) Importer(815301076,1909f56bfc062723c751e8b465ee728b)  -> (artifact id: 'a654fd9ab1a0cb5089107d752806f5d1') in 0.025674 seconds
Number of updated asset objects reloaded before import = 0
Number of asset objects unloaded after import = 3
========================================================================
Received Import Request.
  Time since last request: 0.000059 seconds.
  path: Assets/3D AJ/GUI/Popup_EndGame/Fra-Process#2_Survival.png
  artifactKey: Guid(1b6472343941ac24fb785de19ee64078) Importer(815301076,1909f56bfc062723c751e8b465ee728b)
Start importing Assets/3D AJ/GUI/Popup_EndGame/Fra-Process#2_Survival.png using Guid(1b6472343941ac24fb785de19ee64078) Importer(815301076,1909f56bfc062723c751e8b465ee728b)  -> (artifact id: '15574f817d123aea3faa0479d5e72e2a') in 0.026595 seconds
Number of updated asset objects reloaded before import = 0
Number of asset objects unloaded after import = 3
========================================================================
Received Import Request.
  Time since last request: 0.314361 seconds.
  path: Assets/3D AJ/GUI/FormZombieCity/Fra-Remain_GamePlay.png
  artifactKey: Guid(d4fb246394a9a434b98bb7012099d182) Importer(815301076,1909f56bfc062723c751e8b465ee728b)
Start importing Assets/3D AJ/GUI/FormZombieCity/Fra-Remain_GamePlay.png using Guid(d4fb246394a9a434b98bb7012099d182) Importer(815301076,1909f56bfc062723c751e8b465ee728b)  -> (artifact id: '59e41225b47cab371ef451afdd7c783c') in 0.023148 seconds
Number of updated asset objects reloaded before import = 0
Number of asset objects unloaded after import = 3
========================================================================
Received Import Request.
  Time since last request: 0.000017 seconds.
  path: Assets/3D AJ/GUI/FormMainMenu/Frame#1_Rank.png
  artifactKey: Guid(7c67693fe6579854bbcece48c1205da3) Importer(815301076,1909f56bfc062723c751e8b465ee728b)
Start importing Assets/3D AJ/GUI/FormMainMenu/Frame#1_Rank.png using Guid(7c67693fe6579854bbcece48c1205da3) Importer(815301076,1909f56bfc062723c751e8b465ee728b)  -> (artifact id: '2cfe93f406d625142d0fa4e3a6012920') in 0.020631 seconds
Number of updated asset objects reloaded before import = 0
Number of asset objects unloaded after import = 3
========================================================================
Received Import Request.
  Time since last request: 0.000022 seconds.
  path: Assets/3D AJ/GUI/Popup_Shop/Frame-#3_Shop.png
  artifactKey: Guid(290255b2e6e01d048a89b3c283f69fbc) Importer(815301076,1909f56bfc062723c751e8b465ee728b)
Start importing Assets/3D AJ/GUI/Popup_Shop/Frame-#3_Shop.png using Guid(290255b2e6e01d048a89b3c283f69fbc) Importer(815301076,1909f56bfc062723c751e8b465ee728b)  -> (artifact id: 'ef31705de1f0479066d06c8950792d78') in 0.021066 seconds
Number of updated asset objects reloaded before import = 0
Number of asset objects unloaded after import = 3
========================================================================
Received Import Request.
  Time since last request: 0.272754 seconds.
  path: Assets/3D AJ/GUI/Popup_CharSkin/Frame-ChooseSkin_Skin.png
  artifactKey: Guid(737aefea1a2e44445a2a879de08aec9a) Importer(815301076,1909f56bfc062723c751e8b465ee728b)
Start importing Assets/3D AJ/GUI/Popup_CharSkin/Frame-ChooseSkin_Skin.png using Guid(737aefea1a2e44445a2a879de08aec9a) Importer(815301076,1909f56bfc062723c751e8b465ee728b)  -> (artifact id: 'dec67490f27e67785f1fee23b029e890') in 0.024537 seconds
Number of updated asset objects reloaded before import = 0
Number of asset objects unloaded after import = 3
========================================================================
Received Import Request.
  Time since last request: 0.000026 seconds.
  path: Assets/3D AJ/GUI/Popup_Shop/Frame-Cost_Shop.png
  artifactKey: Guid(8f9b053c17903154a8554ef37d6cb4d6) Importer(815301076,1909f56bfc062723c751e8b465ee728b)
Start importing Assets/3D AJ/GUI/Popup_Shop/Frame-Cost_Shop.png using Guid(8f9b053c17903154a8554ef37d6cb4d6) Importer(815301076,1909f56bfc062723c751e8b465ee728b)  -> (artifact id: '74eb784e1e04884187a2955493b033c2') in 0.027315 seconds
Number of updated asset objects reloaded before import = 0
Number of asset objects unloaded after import = 3
========================================================================
Received Import Request.
  Time since last request: 0.000051 seconds.
  path: Assets/3D AJ/GUI/_Other/Frame-Class_GamePlay.png
  artifactKey: Guid(d98919a4ef21b1a4b8e115331e57e435) Importer(815301076,1909f56bfc062723c751e8b465ee728b)
Start importing Assets/3D AJ/GUI/_Other/Frame-Class_GamePlay.png using Guid(d98919a4ef21b1a4b8e115331e57e435) Importer(815301076,1909f56bfc062723c751e8b465ee728b)  -> (artifact id: '911600e376e82ae696a11ac90c19f725') in 0.019824 seconds
Number of updated asset objects reloaded before import = 0
Number of asset objects unloaded after import = 3
========================================================================
Received Import Request.
  Time since last request: 0.000024 seconds.
  path: Assets/3D AJ/GUI/_Other/Frame-DoubleReward#2_TimeOut.png
  artifactKey: Guid(9b11ab0016844924280875f31869c20f) Importer(815301076,1909f56bfc062723c751e8b465ee728b)
Start importing Assets/3D AJ/GUI/_Other/Frame-DoubleReward#2_TimeOut.png using Guid(9b11ab0016844924280875f31869c20f) Importer(815301076,1909f56bfc062723c751e8b465ee728b)  -> (artifact id: '1fe532eb792522c959ea3518ff7d3207') in 0.021451 seconds
Number of updated asset objects reloaded before import = 0
Number of asset objects unloaded after import = 3
========================================================================
Received Import Request.
  Time since last request: 0.028467 seconds.
  path: Assets/3D AJ/GUI/_Other/Frame-Mode_Home.png
  artifactKey: Guid(26dd9bacff149bc4e8a9b6154b6b6bdf) Importer(815301076,1909f56bfc062723c751e8b465ee728b)
Start importing Assets/3D AJ/GUI/_Other/Frame-Mode_Home.png using Guid(26dd9bacff149bc4e8a9b6154b6b6bdf) Importer(815301076,1909f56bfc062723c751e8b465ee728b)  -> (artifact id: '6c7a93d0d7c8565f35097276870a062e') in 0.025354 seconds
Number of updated asset objects reloaded before import = 0
Number of asset objects unloaded after import = 3
========================================================================
Received Import Request.
  Time since last request: 0.000023 seconds.
  path: Assets/3D AJ/GUI/GamePlay/Frame-NamePlayer_Home.png
  artifactKey: Guid(8a8d66cd873fc684f8ac7096407fe345) Importer(815301076,1909f56bfc062723c751e8b465ee728b)
Start importing Assets/3D AJ/GUI/GamePlay/Frame-NamePlayer_Home.png using Guid(8a8d66cd873fc684f8ac7096407fe345) Importer(815301076,1909f56bfc062723c751e8b465ee728b)  -> (artifact id: 'dbc030cf2c036a116a69c5a15c44dd12') in 0.021076 seconds
Number of updated asset objects reloaded before import = 0
Number of asset objects unloaded after import = 3
========================================================================
Received Import Request.
  Time since last request: 0.000108 seconds.
  path: Assets/3D AJ/GUI/_Other/Frame-Mode_Off.png
  artifactKey: Guid(e1732a753a36ceb46b74d69c3fc9f553) Importer(815301076,1909f56bfc062723c751e8b465ee728b)
Start importing Assets/3D AJ/GUI/_Other/Frame-Mode_Off.png using Guid(e1732a753a36ceb46b74d69c3fc9f553) Importer(815301076,1909f56bfc062723c751e8b465ee728b)  -> (artifact id: '07389487e1d4e3699dfc0d7bfd2fc670') in 0.023405 seconds
Number of updated asset objects reloaded before import = 0
Number of asset objects unloaded after import = 3
========================================================================
Received Import Request.
  Time since last request: 0.000044 seconds.
  path: Assets/3D AJ/GUI/_Other/Frame-Mode_Home2.png
  artifactKey: Guid(2545520b7e2e1e44882016922b6dd32f) Importer(815301076,1909f56bfc062723c751e8b465ee728b)
Start importing Assets/3D AJ/GUI/_Other/Frame-Mode_Home2.png using Guid(2545520b7e2e1e44882016922b6dd32f) Importer(815301076,1909f56bfc062723c751e8b465ee728b)  -> (artifact id: 'd4bc3c05c12dd6b023146aacd63fa87d') in 0.021610 seconds
Number of updated asset objects reloaded before import = 0
Number of asset objects unloaded after import = 3
========================================================================
Received Import Request.
  Time since last request: 0.712676 seconds.
  path: Assets/3D AJ/GUI/_Other/Frame_PopMode.png
  artifactKey: Guid(15fa5543f0a188549a289d8e20d54d37) Importer(815301076,1909f56bfc062723c751e8b465ee728b)
Start importing Assets/3D AJ/GUI/_Other/Frame_PopMode.png using Guid(15fa5543f0a188549a289d8e20d54d37) Importer(815301076,1909f56bfc062723c751e8b465ee728b)  -> (artifact id: 'f26c2bf66979119cf624fa2b45db8de8') in 0.024594 seconds
Number of updated asset objects reloaded before import = 0
Number of asset objects unloaded after import = 3
========================================================================
Received Import Request.
  Time since last request: 0.000018 seconds.
  path: Assets/3D AJ/GUI/Popup_Revive/Group-1611.png
  artifactKey: Guid(09c61a62c4d191b4faf41de50078c0aa) Importer(815301076,1909f56bfc062723c751e8b465ee728b)
Start importing Assets/3D AJ/GUI/Popup_Revive/Group-1611.png using Guid(09c61a62c4d191b4faf41de50078c0aa) Importer(815301076,1909f56bfc062723c751e8b465ee728b)  -> (artifact id: '369d3da4dc21cfa5d234914b5190ca62') in 0.023878 seconds
Number of updated asset objects reloaded before import = 0
Number of asset objects unloaded after import = 3
========================================================================
Received Import Request.
  Time since last request: 0.221227 seconds.
  path: Assets/3D AJ/GUI/_Other/Ico-ADS_Home.png
  artifactKey: Guid(b519876a099b1534683a019f1b401fd2) Importer(815301076,1909f56bfc062723c751e8b465ee728b)
Start importing Assets/3D AJ/GUI/_Other/Ico-ADS_Home.png using Guid(b519876a099b1534683a019f1b401fd2) Importer(815301076,1909f56bfc062723c751e8b465ee728b)  -> (artifact id: '86bb0f3671c359c4dc647e2befd83bc8') in 0.024908 seconds
Number of updated asset objects reloaded before import = 0
Number of asset objects unloaded after import = 3
========================================================================
Received Import Request.
  Time since last request: 0.374777 seconds.
  path: Assets/3D AJ/GUI/FormZombieCity/Ico-Change_Ability.png
  artifactKey: Guid(4e5e6876dab2e3442812aa9616e05e1c) Importer(815301076,1909f56bfc062723c751e8b465ee728b)
Start importing Assets/3D AJ/GUI/FormZombieCity/Ico-Change_Ability.png using Guid(4e5e6876dab2e3442812aa9616e05e1c) Importer(815301076,1909f56bfc062723c751e8b465ee728b)  -> (artifact id: '33dde0750351bd42e5ee0c4eac774dcc') in 0.031560 seconds
Number of updated asset objects reloaded before import = 0
Number of asset objects unloaded after import = 3
========================================================================
Received Import Request.
  Time since last request: 0.000034 seconds.
  path: Assets/3D AJ/GUI/Popup_EndGame/Ico-City_Survival.png
  artifactKey: Guid(760cff3a4883aed47b0425ddbbe4b0b6) Importer(815301076,1909f56bfc062723c751e8b465ee728b)
Start importing Assets/3D AJ/GUI/Popup_EndGame/Ico-City_Survival.png using Guid(760cff3a4883aed47b0425ddbbe4b0b6) Importer(815301076,1909f56bfc062723c751e8b465ee728b)  -> (artifact id: 'a678a46d8aebddfe65deabf1cc8c3f04') in 0.014735 seconds
Number of updated asset objects reloaded before import = 0
Number of asset objects unloaded after import = 3
========================================================================
Received Import Request.
  Time since last request: 0.083214 seconds.
  path: Assets/3D AJ/GUI/FormZombieCity/Ico-Move_Upgrade.png
  artifactKey: Guid(6a7de2142a36ada4aabf6cca01c0999e) Importer(815301076,1909f56bfc062723c751e8b465ee728b)
Start importing Assets/3D AJ/GUI/FormZombieCity/Ico-Move_Upgrade.png using Guid(6a7de2142a36ada4aabf6cca01c0999e) Importer(815301076,1909f56bfc062723c751e8b465ee728b)  -> (artifact id: '134335fcb733938bbbe1182a30d5a434') in 0.025996 seconds
Number of updated asset objects reloaded before import = 0
Number of asset objects unloaded after import = 3
========================================================================
Received Import Request.
  Time since last request: 4.557375 seconds.
  path: Assets/3D AJ/GUI/Popup_EndGame/Ico-Stadium_Survival.png
  artifactKey: Guid(af08f2d9447ead2428294306d12142b9) Importer(815301076,1909f56bfc062723c751e8b465ee728b)
Start importing Assets/3D AJ/GUI/Popup_EndGame/Ico-Stadium_Survival.png using Guid(af08f2d9447ead2428294306d12142b9) Importer(815301076,1909f56bfc062723c751e8b465ee728b)  -> (artifact id: 'a799ea1b224070f62470622e716f3fdf') in 0.035323 seconds
Number of updated asset objects reloaded before import = 0
Number of asset objects unloaded after import = 3
========================================================================
Received Import Request.
  Time since last request: 0.000025 seconds.
  path: Assets/3D AJ/GUI/Popup_Rate/Ico-Star_Rate.png
  artifactKey: Guid(d1b1fe8cc7cb16c4aa82b31764ca865f) Importer(815301076,1909f56bfc062723c751e8b465ee728b)
Start importing Assets/3D AJ/GUI/Popup_Rate/Ico-Star_Rate.png using Guid(d1b1fe8cc7cb16c4aa82b31764ca865f) Importer(815301076,1909f56bfc062723c751e8b465ee728b)  -> (artifact id: 'd160b96df9a601e40cda7c699d57fa61') in 0.016769 seconds
Number of updated asset objects reloaded before import = 0
Number of asset objects unloaded after import = 3
========================================================================
Received Import Request.
  Time since last request: 149.138902 seconds.
  path: Assets/3D AJ/GUI/Popup_EndGame/Ico-Unlock_Survival.png
  artifactKey: Guid(3a98b0f4ad09fac408ecf185569824ba) Importer(815301076,1909f56bfc062723c751e8b465ee728b)
Start importing Assets/3D AJ/GUI/Popup_EndGame/Ico-Unlock_Survival.png using Guid(3a98b0f4ad09fac408ecf185569824ba) Importer(815301076,1909f56bfc062723c751e8b465ee728b)  -> (artifact id: '69ab65d29ae002e0aa7e739d2300ac06') in 0.019578 seconds
Number of updated asset objects reloaded before import = 0
Number of asset objects unloaded after import = 3
========================================================================
Received Import Request.
  Time since last request: 0.000026 seconds.
  path: Assets/3D AJ/GUI/_Other/Ico-Vib_Home 2.png
  artifactKey: Guid(5232207edccbbc7469ed1397560f7da2) Importer(815301076,1909f56bfc062723c751e8b465ee728b)
Start importing Assets/3D AJ/GUI/_Other/Ico-Vib_Home 2.png using Guid(5232207edccbbc7469ed1397560f7da2) Importer(815301076,1909f56bfc062723c751e8b465ee728b)  -> (artifact id: '06599430a6020e7829122df391a759fe') in 0.037819 seconds
Number of updated asset objects reloaded before import = 0
Number of asset objects unloaded after import = 3
========================================================================
Received Import Request.
  Time since last request: 0.000178 seconds.
  path: Assets/3D AJ/GUI/Popup_EndGame/Ico-Video_TimeOut.png
  artifactKey: Guid(c4c67d8b319cf9144b873802ab249a74) Importer(815301076,1909f56bfc062723c751e8b465ee728b)
Start importing Assets/3D AJ/GUI/Popup_EndGame/Ico-Video_TimeOut.png using Guid(c4c67d8b319cf9144b873802ab249a74) Importer(815301076,1909f56bfc062723c751e8b465ee728b)  -> (artifact id: '1172b5ce8d057b0e8df90316d43e6137') in 0.040424 seconds
Number of updated asset objects reloaded before import = 0
Number of asset objects unloaded after import = 3
========================================================================
Received Import Request.
  Time since last request: 0.000061 seconds.
  path: Assets/3D AJ/GUI/FormMainMenu/Ico_FraStar#1_Rank.png
  artifactKey: Guid(7b0115fc83873764f81f36d0ac8e7103) Importer(815301076,1909f56bfc062723c751e8b465ee728b)
Start importing Assets/3D AJ/GUI/FormMainMenu/Ico_FraStar#1_Rank.png using Guid(7b0115fc83873764f81f36d0ac8e7103) Importer(815301076,1909f56bfc062723c751e8b465ee728b)  -> (artifact id: '447005b5967dda3272cc294941dbd829') in 0.030632 seconds
Number of updated asset objects reloaded before import = 0
Number of asset objects unloaded after import = 3
Editor requested this worker to shutdown with reason: Scaling down because of idle timeout
TcpMessagingSession - receive error: operation aborted. errorcode: 995, details: The I/O operation has been aborted because of either a thread exit or an application request.
AssetImportWorker is now disconnected from the server
Process exiting
Exiting without the bug reporter. Application will terminate with return code 0