Using pre-set license
Built from '2022.3/staging' branch; Version is '2022.3.27f1 (73effa14754f) revision 7598074'; Using compiler version '192829333'; Build Type 'Release'
OS: 'Windows 11  (10.0.22631) 64bit CoreSingleLanguage' Language: 'en' Physical Memory: 7971 MB
BatchMode: 1, IsHumanControllingUs: 0, StartBugReporterOnCrash: 0, Is64bit: 1, IsPro: 1

COMMAND LINE ARGUMENTS:
C:\Program Files\Unity\Hub\Editor\2022.3.27f1\Editor\Unity.exe
-adb2
-batchMode
-noUpm
-name
AssetImportWorker0
-projectPath
D:/HB-ACADEMY/Unity/Runner Game
-logFile
Logs/AssetImportWorker0.log
-srvPort
60131
Successfully changed project path to: D:/HB-ACADEMY/Unity/Runner Game
D:/HB-ACADEMY/Unity/Runner Game
[UnityMemory] Configuration Parameters - Can be set up in boot.config
    "memorysetup-bucket-allocator-granularity=16"
    "memorysetup-bucket-allocator-bucket-count=8"
    "memorysetup-bucket-allocator-block-size=33554432"
    "memorysetup-bucket-allocator-block-count=8"
    "memorysetup-main-allocator-block-size=16777216"
    "memorysetup-thread-allocator-block-size=16777216"
    "memorysetup-gfx-main-allocator-block-size=16777216"
    "memorysetup-gfx-thread-allocator-block-size=16777216"
    "memorysetup-cache-allocator-block-size=4194304"
    "memorysetup-typetree-allocator-block-size=2097152"
    "memorysetup-profiler-bucket-allocator-granularity=16"
    "memorysetup-profiler-bucket-allocator-bucket-count=8"
    "memorysetup-profiler-bucket-allocator-block-size=33554432"
    "memorysetup-profiler-bucket-allocator-block-count=8"
    "memorysetup-profiler-allocator-block-size=16777216"
    "memorysetup-profiler-editor-allocator-block-size=1048576"
    "memorysetup-temp-allocator-size-main=16777216"
    "memorysetup-job-temp-allocator-block-size=2097152"
    "memorysetup-job-temp-allocator-block-size-background=1048576"
    "memorysetup-job-temp-allocator-reduction-small-platforms=262144"
    "memorysetup-allocator-temp-initial-block-size-main=262144"
    "memorysetup-allocator-temp-initial-block-size-worker=262144"
    "memorysetup-temp-allocator-size-background-worker=32768"
    "memorysetup-temp-allocator-size-job-worker=262144"
    "memorysetup-temp-allocator-size-preload-manager=33554432"
    "memorysetup-temp-allocator-size-nav-mesh-worker=65536"
    "memorysetup-temp-allocator-size-audio-worker=65536"
    "memorysetup-temp-allocator-size-cloud-worker=32768"
    "memorysetup-temp-allocator-size-gi-baking-worker=262144"
    "memorysetup-temp-allocator-size-gfx=262144"
Player connection [26560] Host "[IP] 172.21.208.1 [Port] 0 [Flags] 2 [Guid] 3539529805 [EditorId] 3539529805 [Version] 1048832 [Id] WindowsEditor(7,CAO-VIET-HOANG) [Debug] 1 [PackageName] WindowsEditor [ProjectName] Editor" joined multi-casting on [225.0.0.222:54997]...

Player connection [26560] Host "[IP] 172.21.208.1 [Port] 0 [Flags] 2 [Guid] 3539529805 [EditorId] 3539529805 [Version] 1048832 [Id] WindowsEditor(7,CAO-VIET-HOANG) [Debug] 1 [PackageName] WindowsEditor [ProjectName] Editor" joined alternative multi-casting on [225.0.0.222:34997]...

[Physics::Module] Initialized MultithreadedJobDispatcher with 15 workers.
Refreshing native plugins compatible for Editor in 19.46 ms, found 3 plugins.
Preloading 0 native plugins for Editor in 0.00 ms.
Initialize engine version: 2022.3.27f1 (73effa14754f)
[Subsystems] Discovering subsystems at path C:/Program Files/Unity/Hub/Editor/2022.3.27f1/Editor/Data/Resources/UnitySubsystems
[Subsystems] Discovering subsystems at path D:/HB-ACADEMY/Unity/Runner Game/Assets
GfxDevice: creating device client; threaded=0; jobified=0
Direct3D:
    Version:  Direct3D 11.0 [level 11.1]
    Renderer: NVIDIA GeForce RTX 3050 Ti Laptop GPU (ID=0x25a0)
    Vendor:   NVIDIA
    VRAM:     3990 MB
    Driver:   30.0.15.1215
Initialize mono
Mono path[0] = 'C:/Program Files/Unity/Hub/Editor/2022.3.27f1/Editor/Data/Managed'
Mono path[1] = 'C:/Program Files/Unity/Hub/Editor/2022.3.27f1/Editor/Data/MonoBleedingEdge/lib/mono/unityjit-win32'
Mono config path = 'C:/Program Files/Unity/Hub/Editor/2022.3.27f1/Editor/Data/MonoBleedingEdge/etc'
Using monoOptions --debugger-agent=transport=dt_socket,embedding=1,server=y,suspend=n,address=127.0.0.1:56616
Begin MonoManager ReloadAssembly
Registering precompiled unity dll's ...
Register platform support module: C:/Program Files/Unity/Hub/Editor/2022.3.27f1/Editor/Data/PlaybackEngines/WebGLSupport/UnityEditor.WebGL.Extensions.dll
Register platform support module: C:/Program Files/Unity/Hub/Editor/2022.3.27f1/Editor/Data/PlaybackEngines/AndroidPlayer/UnityEditor.Android.Extensions.dll
Register platform support module: C:/Program Files/Unity/Hub/Editor/2022.3.27f1/Editor/Data/PlaybackEngines/WindowsStandaloneSupport/UnityEditor.WindowsStandalone.Extensions.dll
Registered in 0.009724 seconds.
- Loaded All Assemblies, in  0.474 seconds
Native extension for WindowsStandalone target not found
Native extension for Android target not found
Android Extension - Scanning For ADB Devices 319 ms
Native extension for WebGL target not found
Mono: successfully reloaded assembly
- Finished resetting the current domain, in  0.677 seconds
Domain Reload Profiling: 1149ms
	BeginReloadAssembly (161ms)
		ExecutionOrderSort (0ms)
		DisableScriptedObjects (0ms)
		BackupInstance (0ms)
		ReleaseScriptingObjects (0ms)
		CreateAndSetChildDomain (1ms)
	RebuildCommonClasses (41ms)
	RebuildNativeTypeToScriptingClass (13ms)
	initialDomainReloadingComplete (71ms)
	LoadAllAssembliesAndSetupDomain (185ms)
		LoadAssemblies (160ms)
		RebuildTransferFunctionScriptingTraits (0ms)
		AnalyzeDomain (182ms)
			TypeCache.Refresh (180ms)
				TypeCache.ScanAssembly (164ms)
			ScanForSourceGeneratedMonoScriptInfo (0ms)
			ResolveRequiredComponents (1ms)
	FinalizeReload (678ms)
		ReleaseScriptCaches (0ms)
		RebuildScriptCaches (0ms)
		SetupLoadedEditorAssemblies (616ms)
			LogAssemblyErrors (0ms)
			InitializePlatformSupportModulesInManaged (440ms)
			SetLoadedEditorAssemblies (5ms)
			RefreshPlugins (0ms)
			BeforeProcessingInitializeOnLoad (2ms)
			ProcessInitializeOnLoadAttributes (121ms)
			ProcessInitializeOnLoadMethodAttributes (48ms)
			AfterProcessingInitializeOnLoad (0ms)
			EditorAssembliesLoaded (0ms)
		ExecutionOrderSort2 (0ms)
		AwakeInstancesAfterBackupRestoration (0ms)
========================================================================
Worker process is ready to serve import requests
Begin MonoManager ReloadAssembly
Symbol file LoadedFromMemory is not a mono symbol file
- Loaded All Assemblies, in  0.958 seconds
Refreshing native plugins compatible for Editor in 4.37 ms, found 3 plugins.
Native extension for WindowsStandalone target not found
Native extension for Android target not found
Native extension for WebGL target not found
Package Manager log level set to [2]
[Package Manager] Server::EnsureServerProcessIsRunning -- launch failed, reason: Unity was launched with the -noUpm command-line argument
[Package Manager] UpmClient::Send -- Unable to send message (not connected to UPM process).
[Package Manager] Cannot connect to Unity Package Manager local server
Mono: successfully reloaded assembly
- Finished resetting the current domain, in  0.815 seconds
Domain Reload Profiling: 1775ms
	BeginReloadAssembly (187ms)
		ExecutionOrderSort (0ms)
		DisableScriptedObjects (7ms)
		BackupInstance (0ms)
		ReleaseScriptingObjects (0ms)
		CreateAndSetChildDomain (33ms)
	RebuildCommonClasses (37ms)
	RebuildNativeTypeToScriptingClass (19ms)
	initialDomainReloadingComplete (51ms)
	LoadAllAssembliesAndSetupDomain (665ms)
		LoadAssemblies (451ms)
		RebuildTransferFunctionScriptingTraits (0ms)
		AnalyzeDomain (317ms)
			TypeCache.Refresh (279ms)
				TypeCache.ScanAssembly (245ms)
			ScanForSourceGeneratedMonoScriptInfo (25ms)
			ResolveRequiredComponents (9ms)
	FinalizeReload (816ms)
		ReleaseScriptCaches (0ms)
		RebuildScriptCaches (0ms)
		SetupLoadedEditorAssemblies (555ms)
			LogAssemblyErrors (0ms)
			InitializePlatformSupportModulesInManaged (40ms)
			SetLoadedEditorAssemblies (4ms)
			RefreshPlugins (0ms)
			BeforeProcessingInitializeOnLoad (74ms)
			ProcessInitializeOnLoadAttributes (405ms)
			ProcessInitializeOnLoadMethodAttributes (26ms)
			AfterProcessingInitializeOnLoad (5ms)
			EditorAssembliesLoaded (0ms)
		ExecutionOrderSort2 (0ms)
		AwakeInstancesAfterBackupRestoration (7ms)
Launched and connected shader compiler UnityShaderCompiler.exe after 0.08 seconds
Refreshing native plugins compatible for Editor in 2.68 ms, found 3 plugins.
Preloading 0 native plugins for Editor in 0.00 ms.
Unloading 3308 Unused Serialized files (Serialized files now loaded: 0)
Unloading 38 unused Assets / (102.6 KB). Loaded Objects now: 3773.
Memory consumption went from 136.7 MB to 136.6 MB.
Total: 4.353000 ms (FindLiveObjects: 0.321200 ms CreateObjectMapping: 0.110400 ms MarkObjects: 3.731200 ms  DeleteObjects: 0.181600 ms)

AssetImportParameters requested are different than current active one (requested -> active):
  custom:container-demuxer-ogg: 62fdf1f143b41e24485cea50d1cbac27 -> 
  custom:video-decoder-ogg-theora: a1e56fd34408186e4bbccfd4996cb3dc -> 
  custom:framework-win-MediaFoundation: 216162199b28c13a410421893ffa2e32 -> 
  custom:CustomObjectIndexerAttribute: 9a22284fe3817be447336de3de66b15e -> 
  custom:container-demuxer-webm: 4f35f7cbe854078d1ac9338744f61a02 -> 
  custom:container-muxer-webm: aa71ff27fc2769a1b78a27578f13a17b -> 
  custom:video-decoder-webm-vp8: 9c59270c3fd7afecdb556c50c9e8de78 -> 
  custom:SearchIndexIgnoredProperties: e643bd26f0fe6173181afceb89e7c659 -> 
  custom:AudioImporter_EditorPlatform: d09bf68614088b80899f8185d706f6e7 -> 
  custom:video-encoder-webm-vp8: eb34c28f22e8b96e1ab97ce403110664 -> 
  custom:audio-decoder-ogg-vorbis: bf7c407c2cedff20999df2af8eb42d56 -> 
  custom:audio-encoder-webm-vorbis: bf7c407c2cedff20999df2af8eb42d56 -> 
========================================================================
Received Prepare
Begin MonoManager ReloadAssembly
Symbol file LoadedFromMemory is not a mono symbol file
- Loaded All Assemblies, in  0.476 seconds
Refreshing native plugins compatible for Editor in 2.39 ms, found 3 plugins.
Native extension for WindowsStandalone target not found
Native extension for Android target not found
Native extension for WebGL target not found
[Package Manager] Server::EnsureServerProcessIsRunning -- launch failed, reason: Unity was launched with the -noUpm command-line argument
[Package Manager] UpmClient::Send -- Unable to send message (not connected to UPM process).
[Package Manager] Cannot connect to Unity Package Manager local server
Mono: successfully reloaded assembly
- Finished resetting the current domain, in  1.091 seconds
Domain Reload Profiling: 1566ms
	BeginReloadAssembly (164ms)
		ExecutionOrderSort (0ms)
		DisableScriptedObjects (4ms)
		BackupInstance (0ms)
		ReleaseScriptingObjects (0ms)
		CreateAndSetChildDomain (40ms)
	RebuildCommonClasses (38ms)
	RebuildNativeTypeToScriptingClass (13ms)
	initialDomainReloadingComplete (30ms)
	LoadAllAssembliesAndSetupDomain (229ms)
		LoadAssemblies (299ms)
		RebuildTransferFunctionScriptingTraits (0ms)
		AnalyzeDomain (19ms)
			TypeCache.Refresh (7ms)
				TypeCache.ScanAssembly (0ms)
			ScanForSourceGeneratedMonoScriptInfo (0ms)
			ResolveRequiredComponents (9ms)
	FinalizeReload (1092ms)
		ReleaseScriptCaches (0ms)
		RebuildScriptCaches (0ms)
		SetupLoadedEditorAssemblies (469ms)
			LogAssemblyErrors (0ms)
			InitializePlatformSupportModulesInManaged (23ms)
			SetLoadedEditorAssemblies (4ms)
			RefreshPlugins (0ms)
			BeforeProcessingInitializeOnLoad (55ms)
			ProcessInitializeOnLoadAttributes (354ms)
			ProcessInitializeOnLoadMethodAttributes (27ms)
			AfterProcessingInitializeOnLoad (6ms)
			EditorAssembliesLoaded (0ms)
		ExecutionOrderSort2 (0ms)
		AwakeInstancesAfterBackupRestoration (7ms)
Refreshing native plugins compatible for Editor in 2.57 ms, found 3 plugins.
Preloading 0 native plugins for Editor in 0.00 ms.
Unloading 3286 Unused Serialized files (Serialized files now loaded: 0)
Unloading 28 unused Assets / (74.4 KB). Loaded Objects now: 3774.
Memory consumption went from 131.5 MB to 131.5 MB.
Total: 3.964700 ms (FindLiveObjects: 0.286000 ms CreateObjectMapping: 0.086100 ms MarkObjects: 3.517500 ms  DeleteObjects: 0.074000 ms)

Prepare: number of updated asset objects reloaded= 0
AssetImportParameters requested are different than current active one (requested -> active):
  custom:container-demuxer-ogg: 62fdf1f143b41e24485cea50d1cbac27 -> 
  custom:video-decoder-ogg-theora: a1e56fd34408186e4bbccfd4996cb3dc -> 
  custom:framework-win-MediaFoundation: 216162199b28c13a410421893ffa2e32 -> 
  custom:CustomObjectIndexerAttribute: 9a22284fe3817be447336de3de66b15e -> 
  custom:container-demuxer-webm: 4f35f7cbe854078d1ac9338744f61a02 -> 
  custom:container-muxer-webm: aa71ff27fc2769a1b78a27578f13a17b -> 
  custom:video-decoder-webm-vp8: 9c59270c3fd7afecdb556c50c9e8de78 -> 
  custom:SearchIndexIgnoredProperties: e643bd26f0fe6173181afceb89e7c659 -> 
  custom:AudioImporter_EditorPlatform: d09bf68614088b80899f8185d706f6e7 -> 
  custom:video-encoder-webm-vp8: eb34c28f22e8b96e1ab97ce403110664 -> 
  custom:audio-decoder-ogg-vorbis: bf7c407c2cedff20999df2af8eb42d56 -> 
  custom:audio-encoder-webm-vorbis: bf7c407c2cedff20999df2af8eb42d56 -> 
========================================================================
Received Import Request.
  Time since last request: 90073.659513 seconds.
  path: Assets/Material/Coint.mat
  artifactKey: Guid(3e27933c1c74c4943a65a18b671a651b) Importer(815301076,1909f56bfc062723c751e8b465ee728b)
Start importing Assets/Material/Coint.mat using Guid(3e27933c1c74c4943a65a18b671a651b) Importer(815301076,1909f56bfc062723c751e8b465ee728b)  -> (artifact id: '27bcbc8d49b0e0adf9964f31f5aa3da7') in 0.117371 seconds
Number of updated asset objects reloaded before import = 0
Number of asset objects unloaded after import = 1
========================================================================
Received Import Request.
  Time since last request: 288.863887 seconds.
  path: Assets/3D AJ/GUI
  artifactKey: Guid(cbb740884d005a24999da44c541d64bb) Importer(815301076,1909f56bfc062723c751e8b465ee728b)
Start importing Assets/3D AJ/GUI using Guid(cbb740884d005a24999da44c541d64bb) Importer(815301076,1909f56bfc062723c751e8b465ee728b)  -> (artifact id: '8ab1fe9f95cbd519fed0672a25e9c0d4') in 0.001002 seconds
Number of updated asset objects reloaded before import = 0
Number of asset objects unloaded after import = 0
========================================================================
Received Import Request.
  Time since last request: 6.914375 seconds.
  path: Assets/3D AJ/GUI/FormZombieCity/Arrow_Boss.png
  artifactKey: Guid(452c9c8d1e2f2084d9c8d3becbf0b296) Importer(815301076,1909f56bfc062723c751e8b465ee728b)
Start importing Assets/3D AJ/GUI/FormZombieCity/Arrow_Boss.png using Guid(452c9c8d1e2f2084d9c8d3becbf0b296) Importer(815301076,1909f56bfc062723c751e8b465ee728b)  -> (artifact id: '4c438ebb6938a75b02f4422801adc94b') in 0.081731 seconds
Number of updated asset objects reloaded before import = 0
Number of asset objects unloaded after import = 3
========================================================================
Received Import Request.
  Time since last request: 0.000020 seconds.
  path: Assets/3D AJ/GUI/FormMainMenu/But-Zombie_DayZ.png
  artifactKey: Guid(d2ef6a62b15b6ea438383fd533d7d055) Importer(815301076,1909f56bfc062723c751e8b465ee728b)
Start importing Assets/3D AJ/GUI/FormMainMenu/But-Zombie_DayZ.png using Guid(d2ef6a62b15b6ea438383fd533d7d055) Importer(815301076,1909f56bfc062723c751e8b465ee728b)  -> (artifact id: 'cc52f4510d8d445f951b6101620ea285') in 0.025044 seconds
Number of updated asset objects reloaded before import = 0
Number of asset objects unloaded after import = 3
========================================================================
Received Import Request.
  Time since last request: 0.000024 seconds.
  path: Assets/3D AJ/GUI/Popup_Pause/But-Off_Pause.png
  artifactKey: Guid(696f20cc94ec0b64885e067011482a85) Importer(815301076,1909f56bfc062723c751e8b465ee728b)
Start importing Assets/3D AJ/GUI/Popup_Pause/But-Off_Pause.png using Guid(696f20cc94ec0b64885e067011482a85) Importer(815301076,1909f56bfc062723c751e8b465ee728b)  -> (artifact id: '66d88f9f6b2db9023e92675e4565ce24') in 0.017891 seconds
Number of updated asset objects reloaded before import = 0
Number of asset objects unloaded after import = 3
========================================================================
Received Import Request.
  Time since last request: 0.000044 seconds.
  path: Assets/3D AJ/GUI/Popup_Weapon/but-NextSkin_Home.png
  artifactKey: Guid(58cd51cb90cb5b34f8d9675586040f2b) Importer(815301076,1909f56bfc062723c751e8b465ee728b)
Start importing Assets/3D AJ/GUI/Popup_Weapon/but-NextSkin_Home.png using Guid(58cd51cb90cb5b34f8d9675586040f2b) Importer(815301076,1909f56bfc062723c751e8b465ee728b)  -> (artifact id: '2c49986d5b5aad1c4144b7d6bb365d0d') in 0.017496 seconds
Number of updated asset objects reloaded before import = 0
Number of asset objects unloaded after import = 3
========================================================================
Received Import Request.
  Time since last request: 0.000015 seconds.
  path: Assets/3D AJ/GUI/Popup_EndGame/Zombie/face.png
  artifactKey: Guid(689d52942dc71174fadb78bf5de269d0) Importer(815301076,1909f56bfc062723c751e8b465ee728b)
Start importing Assets/3D AJ/GUI/Popup_EndGame/Zombie/face.png using Guid(689d52942dc71174fadb78bf5de269d0) Importer(815301076,1909f56bfc062723c751e8b465ee728b)  -> (artifact id: 'c75a1e5fd714ff26b6b10836018f9bda') in 0.013874 seconds
Number of updated asset objects reloaded before import = 0
Number of asset objects unloaded after import = 3
========================================================================
Received Import Request.
  Time since last request: 0.000031 seconds.
  path: Assets/3D AJ/GUI/FormMainMenu/But-ZobieCity_Home.png
  artifactKey: Guid(6c6bcd4775e2e3d409c0449247b715ee) Importer(815301076,1909f56bfc062723c751e8b465ee728b)
Start importing Assets/3D AJ/GUI/FormMainMenu/But-ZobieCity_Home.png using Guid(6c6bcd4775e2e3d409c0449247b715ee) Importer(815301076,1909f56bfc062723c751e8b465ee728b)  -> (artifact id: 'e7e3cb194f863ba598461c9054d34428') in 0.012869 seconds
Number of updated asset objects reloaded before import = 0
Number of asset objects unloaded after import = 3
========================================================================
Received Import Request.
  Time since last request: 0.000014 seconds.
  path: Assets/3D AJ/GUI/Popup_Pause/But-Onf_Pause.png
  artifactKey: Guid(91db99148a57cc2458302c7f30ed1a43) Importer(815301076,1909f56bfc062723c751e8b465ee728b)
Start importing Assets/3D AJ/GUI/Popup_Pause/But-Onf_Pause.png using Guid(91db99148a57cc2458302c7f30ed1a43) Importer(815301076,1909f56bfc062723c751e8b465ee728b)  -> (artifact id: '3d1f203b968b55f93b1673bb893a4feb') in 0.011295 seconds
Number of updated asset objects reloaded before import = 0
Number of asset objects unloaded after import = 3
========================================================================
Received Import Request.
  Time since last request: 0.000015 seconds.
  path: Assets/3D AJ/GUI/_Other/circle2.png
  artifactKey: Guid(98f7396a00453a044b9d435fc9e19435) Importer(815301076,1909f56bfc062723c751e8b465ee728b)
Start importing Assets/3D AJ/GUI/_Other/circle2.png using Guid(98f7396a00453a044b9d435fc9e19435) Importer(815301076,1909f56bfc062723c751e8b465ee728b)  -> (artifact id: 'f8026a377f56cb2debbcfccddb2eb1cf') in 0.016954 seconds
Number of updated asset objects reloaded before import = 0
Number of asset objects unloaded after import = 3
========================================================================
Received Import Request.
  Time since last request: 2.926321 seconds.
  path: Assets/3D AJ/GUI/Popup_EndGame/Zombie/Fra-Day_Lose2.psd
  artifactKey: Guid(b8fecf3f6af35ea4e85896b165911da7) Importer(815301076,1909f56bfc062723c751e8b465ee728b)
Start importing Assets/3D AJ/GUI/Popup_EndGame/Zombie/Fra-Day_Lose2.psd using Guid(b8fecf3f6af35ea4e85896b165911da7) Importer(815301076,1909f56bfc062723c751e8b465ee728b)  -> (artifact id: 'aeb86f9710826c6f51aea1e471c84865') in 0.025072 seconds
Number of updated asset objects reloaded before import = 0
Number of asset objects unloaded after import = 3
========================================================================
Received Import Request.
  Time since last request: 0.000060 seconds.
  path: Assets/3D AJ/GUI/GamePlay/Fra-Pause#1_GamePlay.png
  artifactKey: Guid(2c696b27334bb9245903e4f72ce9de5b) Importer(815301076,1909f56bfc062723c751e8b465ee728b)
Start importing Assets/3D AJ/GUI/GamePlay/Fra-Pause#1_GamePlay.png using Guid(2c696b27334bb9245903e4f72ce9de5b) Importer(815301076,1909f56bfc062723c751e8b465ee728b)  -> (artifact id: 'e87de474df5061d6f4fef920665f3c8c') in 0.023828 seconds
Number of updated asset objects reloaded before import = 0
Number of asset objects unloaded after import = 3
========================================================================
Received Import Request.
  Time since last request: 0.000028 seconds.
  path: Assets/3D AJ/GUI/Popup_EndGame/Fra-Process#1_Survival.png
  artifactKey: Guid(cd1dac3208a0a914e878960bc5d532cb) Importer(815301076,1909f56bfc062723c751e8b465ee728b)
Start importing Assets/3D AJ/GUI/Popup_EndGame/Fra-Process#1_Survival.png using Guid(cd1dac3208a0a914e878960bc5d532cb) Importer(815301076,1909f56bfc062723c751e8b465ee728b)  -> (artifact id: 'b9f87c6f89f3ad77a9d75318b00dd54d') in 0.026843 seconds
Number of updated asset objects reloaded before import = 0
Number of asset objects unloaded after import = 3
========================================================================
Received Import Request.
  Time since last request: 0.340756 seconds.
  path: Assets/3D AJ/GUI/Popup_Offer/Fra-Range_Offer.png
  artifactKey: Guid(cdb1142820956a74d9fd3c81acd75f67) Importer(815301076,1909f56bfc062723c751e8b465ee728b)
Start importing Assets/3D AJ/GUI/Popup_Offer/Fra-Range_Offer.png using Guid(cdb1142820956a74d9fd3c81acd75f67) Importer(815301076,1909f56bfc062723c751e8b465ee728b)  -> (artifact id: '39bd72b4c5ea38b3f2c830be1cbac844') in 0.025066 seconds
Number of updated asset objects reloaded before import = 0
Number of asset objects unloaded after import = 3
========================================================================
Received Import Request.
  Time since last request: 0.000029 seconds.
  path: Assets/3D AJ/GUI/FormMainMenu/Frame#2_Rank.png
  artifactKey: Guid(97c9fffe0fa463943842e5057466acae) Importer(815301076,1909f56bfc062723c751e8b465ee728b)
Start importing Assets/3D AJ/GUI/FormMainMenu/Frame#2_Rank.png using Guid(97c9fffe0fa463943842e5057466acae) Importer(815301076,1909f56bfc062723c751e8b465ee728b)  -> (artifact id: '684345feea93cd5e592e92f80b070cdc') in 0.019051 seconds
Number of updated asset objects reloaded before import = 0
Number of asset objects unloaded after import = 3
========================================================================
Received Import Request.
  Time since last request: 0.000023 seconds.
  path: Assets/3D AJ/GUI/_Other/Frame-ADS#1_Home.png
  artifactKey: Guid(5bd3d39268996dd44b99f87e5ec70c23) Importer(815301076,1909f56bfc062723c751e8b465ee728b)
Start importing Assets/3D AJ/GUI/_Other/Frame-ADS#1_Home.png using Guid(5bd3d39268996dd44b99f87e5ec70c23) Importer(815301076,1909f56bfc062723c751e8b465ee728b)  -> (artifact id: '1df9c2ef36c19ae9118c1cf2f38bffd4') in 0.020570 seconds
Number of updated asset objects reloaded before import = 0
Number of asset objects unloaded after import = 3
========================================================================
Received Import Request.
  Time since last request: 0.000028 seconds.
  path: Assets/3D AJ/GUI/Popup_Shop/Frame-#2_Shop.png
  artifactKey: Guid(016a626475adf56439c90c699169fd52) Importer(815301076,1909f56bfc062723c751e8b465ee728b)
Start importing Assets/3D AJ/GUI/Popup_Shop/Frame-#2_Shop.png using Guid(016a626475adf56439c90c699169fd52) Importer(815301076,1909f56bfc062723c751e8b465ee728b)  -> (artifact id: 'e88de15365afcbda896e5e93e69cf93c') in 0.025233 seconds
Number of updated asset objects reloaded before import = 0
Number of asset objects unloaded after import = 3
========================================================================
Received Import Request.
  Time since last request: 0.247297 seconds.
  path: Assets/3D AJ/GUI/Popup_Shop/Frame-But#03_Skin.png
  artifactKey: Guid(866ae47cb0708934d900735cb256dd35) Importer(815301076,1909f56bfc062723c751e8b465ee728b)
Start importing Assets/3D AJ/GUI/Popup_Shop/Frame-But#03_Skin.png using Guid(866ae47cb0708934d900735cb256dd35) Importer(815301076,1909f56bfc062723c751e8b465ee728b)  -> (artifact id: '0b6a785a423abdc1e6a6d560658daa32') in 0.029362 seconds
Number of updated asset objects reloaded before import = 0
Number of asset objects unloaded after import = 3
========================================================================
Received Import Request.
  Time since last request: 0.000032 seconds.
  path: Assets/3D AJ/GUI/_Other/Frame-DoubleReward#1_TimeOut.png
  artifactKey: Guid(a48cd42c5f205924eb2d8b344d633157) Importer(815301076,1909f56bfc062723c751e8b465ee728b)
Start importing Assets/3D AJ/GUI/_Other/Frame-DoubleReward#1_TimeOut.png using Guid(a48cd42c5f205924eb2d8b344d633157) Importer(815301076,1909f56bfc062723c751e8b465ee728b)  -> (artifact id: 'd1aceb20afe57b16ec93e7cbfe0d669d') in 0.023027 seconds
Number of updated asset objects reloaded before import = 0
Number of asset objects unloaded after import = 3
========================================================================
Received Import Request.
  Time since last request: 0.000022 seconds.
  path: Assets/3D AJ/GUI/Popup_EndGame/Classic/Frame-Class_TimeOut.png
  artifactKey: Guid(015a5603575f538408982137f18701c9) Importer(815301076,1909f56bfc062723c751e8b465ee728b)
Start importing Assets/3D AJ/GUI/Popup_EndGame/Classic/Frame-Class_TimeOut.png using Guid(015a5603575f538408982137f18701c9) Importer(815301076,1909f56bfc062723c751e8b465ee728b)  -> (artifact id: '28094d5962fad2487bd1c9b5292c2563') in 0.025951 seconds
Number of updated asset objects reloaded before import = 0
Number of asset objects unloaded after import = 3
========================================================================
Received Import Request.
  Time since last request: 0.044975 seconds.
  path: Assets/3D AJ/GUI/Popup_CharSkin/Frame-Equi_Skin.png
  artifactKey: Guid(a93cb21318b89b34a85e5d6a5c6bd1f3) Importer(815301076,1909f56bfc062723c751e8b465ee728b)
Start importing Assets/3D AJ/GUI/Popup_CharSkin/Frame-Equi_Skin.png using Guid(a93cb21318b89b34a85e5d6a5c6bd1f3) Importer(815301076,1909f56bfc062723c751e8b465ee728b)  -> (artifact id: '0998efc6e64944752a6ed90bc5b458b4') in 0.019793 seconds
Number of updated asset objects reloaded before import = 0
Number of asset objects unloaded after import = 3
========================================================================
Received Import Request.
  Time since last request: 0.000022 seconds.
  path: Assets/3D AJ/GUI/FormMainMenu/Frame-Play_Home.png
  artifactKey: Guid(94441927f6016d949b3de7ce0743f650) Importer(815301076,1909f56bfc062723c751e8b465ee728b)
Start importing Assets/3D AJ/GUI/FormMainMenu/Frame-Play_Home.png using Guid(94441927f6016d949b3de7ce0743f650) Importer(815301076,1909f56bfc062723c751e8b465ee728b)  -> (artifact id: '85a3fb70e45e4013e7d918a85d72b99f') in 0.027085 seconds
Number of updated asset objects reloaded before import = 0
Number of asset objects unloaded after import = 3
========================================================================
Received Import Request.
  Time since last request: 0.000051 seconds.
  path: Assets/3D AJ/GUI/_Other/Frame-Mode_Off_2.png
  artifactKey: Guid(c0b2b1261862a624192b6c91d0328c0d) Importer(815301076,1909f56bfc062723c751e8b465ee728b)
Start importing Assets/3D AJ/GUI/_Other/Frame-Mode_Off_2.png using Guid(c0b2b1261862a624192b6c91d0328c0d) Importer(815301076,1909f56bfc062723c751e8b465ee728b)  -> (artifact id: 'bcea158091364ef8f62f1e99d2f6c337') in 0.023410 seconds
Number of updated asset objects reloaded before import = 0
Number of asset objects unloaded after import = 3
========================================================================
Received Import Request.
  Time since last request: 0.734692 seconds.
  path: Assets/3D AJ/GUI/Popup_EndGame/Frame-Time_GamePlay.png
  artifactKey: Guid(8e16c7f5c266c1440b7d6b6464f8e424) Importer(815301076,1909f56bfc062723c751e8b465ee728b)
Start importing Assets/3D AJ/GUI/Popup_EndGame/Frame-Time_GamePlay.png using Guid(8e16c7f5c266c1440b7d6b6464f8e424) Importer(815301076,1909f56bfc062723c751e8b465ee728b)  -> (artifact id: 'e0a3705cde0e36bdd1640341342a5611') in 0.028518 seconds
Number of updated asset objects reloaded before import = 0
Number of asset objects unloaded after import = 3
========================================================================
Received Import Request.
  Time since last request: 0.242051 seconds.
  path: Assets/3D AJ/GUI/Ico#7.3.png
  artifactKey: Guid(e949e31a829aafb49abe7aa6108ab521) Importer(815301076,1909f56bfc062723c751e8b465ee728b)
Start importing Assets/3D AJ/GUI/Ico#7.3.png using Guid(e949e31a829aafb49abe7aa6108ab521) Importer(815301076,1909f56bfc062723c751e8b465ee728b)  -> (artifact id: '1c97a65dd9225ee764bf0f18a6b65189') in 0.042185 seconds
Number of updated asset objects reloaded before import = 0
Number of asset objects unloaded after import = 3
========================================================================
Received Import Request.
  Time since last request: 0.358353 seconds.
  path: Assets/3D AJ/GUI/Share/Ico-Camera_Social.png
  artifactKey: Guid(54a42d906959e83408b170d1f7e2179e) Importer(815301076,1909f56bfc062723c751e8b465ee728b)
Start importing Assets/3D AJ/GUI/Share/Ico-Camera_Social.png using Guid(54a42d906959e83408b170d1f7e2179e) Importer(815301076,1909f56bfc062723c751e8b465ee728b)  -> (artifact id: 'cbdafede25834aa70aa11a7b918fd62d') in 0.022299 seconds
Number of updated asset objects reloaded before import = 0
Number of asset objects unloaded after import = 3
========================================================================
Received Import Request.
  Time since last request: 0.000022 seconds.
  path: Assets/3D AJ/GUI/FormMainMenu/ico-Lock-50=SelectLVL.png
  artifactKey: Guid(77f808e1edfb3904fbe0f931eb3b08a7) Importer(815301076,1909f56bfc062723c751e8b465ee728b)
Start importing Assets/3D AJ/GUI/FormMainMenu/ico-Lock-50=SelectLVL.png using Guid(77f808e1edfb3904fbe0f931eb3b08a7) Importer(815301076,1909f56bfc062723c751e8b465ee728b)  -> (artifact id: 'c48a61c74486c755a6b9cd5f95c4a0e4') in 0.019073 seconds
Number of updated asset objects reloaded before import = 0
Number of asset objects unloaded after import = 3
========================================================================
Received Import Request.
  Time since last request: 0.087877 seconds.
  path: Assets/3D AJ/GUI/FormMainMenu/Ico-Mode_Home.png
  artifactKey: Guid(89ffda3f7f8fcbe47bb6c9bc1ca1f9dc) Importer(815301076,1909f56bfc062723c751e8b465ee728b)
Start importing Assets/3D AJ/GUI/FormMainMenu/Ico-Mode_Home.png using Guid(89ffda3f7f8fcbe47bb6c9bc1ca1f9dc) Importer(815301076,1909f56bfc062723c751e8b465ee728b)  -> (artifact id: '30e50968aaee191d7f941fe25e3bdc7f') in 0.020043 seconds
Number of updated asset objects reloaded before import = 0
Number of asset objects unloaded after import = 3
========================================================================
Received Import Request.
  Time since last request: 0.000065 seconds.
  path: Assets/3D AJ/GUI/FormZombieCity/Ico-Shield_Upgrade.png
  artifactKey: Guid(830b0bcd38414b242b5f40edc5dab7b8) Importer(815301076,1909f56bfc062723c751e8b465ee728b)
Start importing Assets/3D AJ/GUI/FormZombieCity/Ico-Shield_Upgrade.png using Guid(830b0bcd38414b242b5f40edc5dab7b8) Importer(815301076,1909f56bfc062723c751e8b465ee728b)  -> (artifact id: 'f68be4de30c3d8fa5bd8ac239f72092b') in 0.019260 seconds
Number of updated asset objects reloaded before import = 0
Number of asset objects unloaded after import = 3
========================================================================
Received Import Request.
  Time since last request: 4.539274 seconds.
  path: Assets/3D AJ/GUI/FormMainMenu/Ico-Skin_Home.png
  artifactKey: Guid(8d8ada3422c70d64ab91e8540db52cfa) Importer(815301076,1909f56bfc062723c751e8b465ee728b)
Start importing Assets/3D AJ/GUI/FormMainMenu/Ico-Skin_Home.png using Guid(8d8ada3422c70d64ab91e8540db52cfa) Importer(815301076,1909f56bfc062723c751e8b465ee728b)  -> (artifact id: '82e2ad2059e55b7774fabaabbeacede4') in 0.026992 seconds
Number of updated asset objects reloaded before import = 0
Number of asset objects unloaded after import = 3
========================================================================
Received Import Request.
  Time since last request: 0.000032 seconds.
  path: Assets/3D AJ/GUI/Popup_EndGame/Ico-Table_Survival.png
  artifactKey: Guid(4e85726d07ebc5a42bb2f38fa15a9b3e) Importer(815301076,1909f56bfc062723c751e8b465ee728b)
Start importing Assets/3D AJ/GUI/Popup_EndGame/Ico-Table_Survival.png using Guid(4e85726d07ebc5a42bb2f38fa15a9b3e) Importer(815301076,1909f56bfc062723c751e8b465ee728b)  -> (artifact id: '3823b8f4f8c062f377acca8d672e0f17') in 0.026430 seconds
Number of updated asset objects reloaded before import = 0
Number of asset objects unloaded after import = 3
========================================================================
Received Import Request.
  Time since last request: 149.136819 seconds.
  path: Assets/3D AJ/GUI/FormMainMenu/Ico-Time_PopMode.png
  artifactKey: Guid(2bb7e7d88221d12459538b15f452d948) Importer(815301076,1909f56bfc062723c751e8b465ee728b)
Start importing Assets/3D AJ/GUI/FormMainMenu/Ico-Time_PopMode.png using Guid(2bb7e7d88221d12459538b15f452d948) Importer(815301076,1909f56bfc062723c751e8b465ee728b)  -> (artifact id: 'c3c3d18b6548577c97081a6d5d6b0d13') in 0.024723 seconds
Number of updated asset objects reloaded before import = 0
Number of asset objects unloaded after import = 3
========================================================================
Received Import Request.
  Time since last request: 0.000039 seconds.
  path: Assets/3D AJ/GUI/FormMainMenu/Ico-Vib_Home 1.png
  artifactKey: Guid(2b37827efe2945d43afd6094e452d539) Importer(815301076,1909f56bfc062723c751e8b465ee728b)
Start importing Assets/3D AJ/GUI/FormMainMenu/Ico-Vib_Home 1.png using Guid(2b37827efe2945d43afd6094e452d539) Importer(815301076,1909f56bfc062723c751e8b465ee728b)  -> (artifact id: '40f84c41bc362de56bd09ea3e5928ec5') in 0.041223 seconds
Number of updated asset objects reloaded before import = 0
Number of asset objects unloaded after import = 3
========================================================================
Received Import Request.
  Time since last request: 0.000047 seconds.
  path: Assets/3D AJ/GUI/FormMainMenu/Ico-Weapon_Home.png
  artifactKey: Guid(22767e0cf323bb249954e3c9b4bfdb42) Importer(815301076,1909f56bfc062723c751e8b465ee728b)
Start importing Assets/3D AJ/GUI/FormMainMenu/Ico-Weapon_Home.png using Guid(22767e0cf323bb249954e3c9b4bfdb42) Importer(815301076,1909f56bfc062723c751e8b465ee728b)  -> (artifact id: '51c76219ced8b60fbbc83ab38b767fcc') in 0.031251 seconds
Number of updated asset objects reloaded before import = 0
Number of asset objects unloaded after import = 3
Editor requested this worker to shutdown with reason: Scaling down because of idle timeout
TcpMessagingSession - receive error: operation aborted. errorcode: 995, details: The I/O operation has been aborted because of either a thread exit or an application request.
AssetImportWorker is now disconnected from the server
Process exiting
Exiting without the bug reporter. Application will terminate with return code 0